<?xml version="1.0" encoding="utf-8"?><testsuites name="pytest tests"><testsuite name="pytest" errors="0" failures="20" skipped="0" tests="34" time="0.966" timestamp="2026-01-29T05:25:43.477552+00:00" hostname="agent-env-cff66b13-f513-44cf-93cf-d238fb0e1dc9"><testcase classname="backend.tests.test_distance_indicator.TestHaversineDistanceCalculation" name="test_same_location_returns_zero" time="0.000" /><testcase classname="backend.tests.test_distance_indicator.TestHaversineDistanceCalculation" name="test_london_to_paris_distance" time="0.000" /><testcase classname="backend.tests.test_distance_indicator.TestHaversineDistanceCalculation" name="test_short_distance_meters" time="0.000" /><testcase classname="backend.tests.test_distance_indicator.TestHaversineDistanceCalculation" name="test_sydney_to_london_distance" time="0.000" /><testcase classname="backend.tests.test_distance_indicator.TestHaversineDistanceCalculation" name="test_equator_distance" time="0.000" /><testcase classname="backend.tests.test_distance_indicator.TestDistanceFormatting" name="test_format_meters_under_1km" time="0.000" /><testcase classname="backend.tests.test_distance_indicator.TestDistanceFormatting" name="test_format_kilometers_over_1km" time="0.000" /><testcase classname="backend.tests.test_distance_indicator.TestDistanceFormatting" name="test_format_boundary_case" time="0.000" /><testcase classname="backend.tests.test_distance_indicator.TestDistanceFormatting" name="test_format_rounding" time="0.000" /><testcase classname="backend.tests.test_distance_indicator.TestDistanceIndicatorIntegration" name="test_post_with_coordinates" time="0.000" /><testcase classname="backend.tests.test_distance_indicator.TestDistanceIndicatorIntegration" name="test_null_user_location_handling" time="0.000" /><testcase classname="backend.tests.test_distance_indicator.TestDistanceIndicatorIntegration" name="test_null_post_coordinates_handling" time="0.000" /><testcase classname="backend.tests.test_multiple_images.TestMultipleImagesBackend" name="test_create_post_with_single_image" time="0.001"><failure message="requests.exceptions.MissingSchema: Invalid URL '/api/posts': No scheme supplied. Perhaps you meant https:///api/posts?">backend/tests/test_multiple_images.py:34: in test_create_post_with_single_image
    response = requests.post(f"{BASE_URL}/api/posts", json=post_data)
               ^^^^^^^^^^^^^^^^^^^^^^^^^^^^^^^^^^^^^^^^^^^^^^^^^^^^^^
/root/.venv/lib/python3.11/site-packages/requests/api.py:115: in post
    return request("post", url, data=data, json=json, **kwargs)
           ^^^^^^^^^^^^^^^^^^^^^^^^^^^^^^^^^^^^^^^^^^^^^^^^^^^^
/root/.venv/lib/python3.11/site-packages/requests/api.py:59: in request
    return session.request(method=method, url=url, **kwargs)
           ^^^^^^^^^^^^^^^^^^^^^^^^^^^^^^^^^^^^^^^^^^^^^^^^^
/root/.venv/lib/python3.11/site-packages/requests/sessions.py:575: in request
    prep = self.prepare_request(req)
           ^^^^^^^^^^^^^^^^^^^^^^^^^
/root/.venv/lib/python3.11/site-packages/requests/sessions.py:484: in prepare_request
    p.prepare(
/root/.venv/lib/python3.11/site-packages/requests/models.py:367: in prepare
    self.prepare_url(url, params)
/root/.venv/lib/python3.11/site-packages/requests/models.py:438: in prepare_url
    raise MissingSchema(
E   requests.exceptions.MissingSchema: Invalid URL '/api/posts': No scheme supplied. Perhaps you meant https:///api/posts?</failure></testcase><testcase classname="backend.tests.test_multiple_images.TestMultipleImagesBackend" name="test_create_post_with_multiple_images" time="0.000"><failure message="requests.exceptions.MissingSchema: Invalid URL '/api/posts': No scheme supplied. Perhaps you meant https:///api/posts?">backend/tests/test_multiple_images.py:63: in test_create_post_with_multiple_images
    response = requests.post(f"{BASE_URL}/api/posts", json=post_data)
               ^^^^^^^^^^^^^^^^^^^^^^^^^^^^^^^^^^^^^^^^^^^^^^^^^^^^^^
/root/.venv/lib/python3.11/site-packages/requests/api.py:115: in post
    return request("post", url, data=data, json=json, **kwargs)
           ^^^^^^^^^^^^^^^^^^^^^^^^^^^^^^^^^^^^^^^^^^^^^^^^^^^^
/root/.venv/lib/python3.11/site-packages/requests/api.py:59: in request
    return session.request(method=method, url=url, **kwargs)
           ^^^^^^^^^^^^^^^^^^^^^^^^^^^^^^^^^^^^^^^^^^^^^^^^^
/root/.venv/lib/python3.11/site-packages/requests/sessions.py:575: in request
    prep = self.prepare_request(req)
           ^^^^^^^^^^^^^^^^^^^^^^^^^
/root/.venv/lib/python3.11/site-packages/requests/sessions.py:484: in prepare_request
    p.prepare(
/root/.venv/lib/python3.11/site-packages/requests/models.py:367: in prepare
    self.prepare_url(url, params)
/root/.venv/lib/python3.11/site-packages/requests/models.py:438: in prepare_url
    raise MissingSchema(
E   requests.exceptions.MissingSchema: Invalid URL '/api/posts': No scheme supplied. Perhaps you meant https:///api/posts?</failure></testcase><testcase classname="backend.tests.test_multiple_images.TestMultipleImagesBackend" name="test_create_post_with_max_images" time="0.000"><failure message="requests.exceptions.MissingSchema: Invalid URL '/api/posts': No scheme supplied. Perhaps you meant https:///api/posts?">backend/tests/test_multiple_images.py:99: in test_create_post_with_max_images
    response = requests.post(f"{BASE_URL}/api/posts", json=post_data)
               ^^^^^^^^^^^^^^^^^^^^^^^^^^^^^^^^^^^^^^^^^^^^^^^^^^^^^^
/root/.venv/lib/python3.11/site-packages/requests/api.py:115: in post
    return request("post", url, data=data, json=json, **kwargs)
           ^^^^^^^^^^^^^^^^^^^^^^^^^^^^^^^^^^^^^^^^^^^^^^^^^^^^
/root/.venv/lib/python3.11/site-packages/requests/api.py:59: in request
    return session.request(method=method, url=url, **kwargs)
           ^^^^^^^^^^^^^^^^^^^^^^^^^^^^^^^^^^^^^^^^^^^^^^^^^
/root/.venv/lib/python3.11/site-packages/requests/sessions.py:575: in request
    prep = self.prepare_request(req)
           ^^^^^^^^^^^^^^^^^^^^^^^^^
/root/.venv/lib/python3.11/site-packages/requests/sessions.py:484: in prepare_request
    p.prepare(
/root/.venv/lib/python3.11/site-packages/requests/models.py:367: in prepare
    self.prepare_url(url, params)
/root/.venv/lib/python3.11/site-packages/requests/models.py:438: in prepare_url
    raise MissingSchema(
E   requests.exceptions.MissingSchema: Invalid URL '/api/posts': No scheme supplied. Perhaps you meant https:///api/posts?</failure></testcase><testcase classname="backend.tests.test_multiple_images.TestMultipleImagesBackend" name="test_get_posts_returns_images_array" time="0.000"><failure message="requests.exceptions.MissingSchema: Invalid URL '/api/posts': No scheme supplied. Perhaps you meant https:///api/posts?">backend/tests/test_multiple_images.py:113: in test_get_posts_returns_images_array
    response = requests.get(f"{BASE_URL}/api/posts")
               ^^^^^^^^^^^^^^^^^^^^^^^^^^^^^^^^^^^^^
/root/.venv/lib/python3.11/site-packages/requests/api.py:73: in get
    return request("get", url, params=params, **kwargs)
           ^^^^^^^^^^^^^^^^^^^^^^^^^^^^^^^^^^^^^^^^^^^^
/root/.venv/lib/python3.11/site-packages/requests/api.py:59: in request
    return session.request(method=method, url=url, **kwargs)
           ^^^^^^^^^^^^^^^^^^^^^^^^^^^^^^^^^^^^^^^^^^^^^^^^^
/root/.venv/lib/python3.11/site-packages/requests/sessions.py:575: in request
    prep = self.prepare_request(req)
           ^^^^^^^^^^^^^^^^^^^^^^^^^
/root/.venv/lib/python3.11/site-packages/requests/sessions.py:484: in prepare_request
    p.prepare(
/root/.venv/lib/python3.11/site-packages/requests/models.py:367: in prepare
    self.prepare_url(url, params)
/root/.venv/lib/python3.11/site-packages/requests/models.py:438: in prepare_url
    raise MissingSchema(
E   requests.exceptions.MissingSchema: Invalid URL '/api/posts': No scheme supplied. Perhaps you meant https:///api/posts?</failure></testcase><testcase classname="backend.tests.test_multiple_images.TestMultipleImagesBackend" name="test_get_single_post_returns_images_array" time="0.000"><failure message="requests.exceptions.MissingSchema: Invalid URL '/api/posts': No scheme supplied. Perhaps you meant https:///api/posts?">backend/tests/test_multiple_images.py:133: in test_get_single_post_returns_images_array
    response = requests.get(f"{BASE_URL}/api/posts")
               ^^^^^^^^^^^^^^^^^^^^^^^^^^^^^^^^^^^^^
/root/.venv/lib/python3.11/site-packages/requests/api.py:73: in get
    return request("get", url, params=params, **kwargs)
           ^^^^^^^^^^^^^^^^^^^^^^^^^^^^^^^^^^^^^^^^^^^^
/root/.venv/lib/python3.11/site-packages/requests/api.py:59: in request
    return session.request(method=method, url=url, **kwargs)
           ^^^^^^^^^^^^^^^^^^^^^^^^^^^^^^^^^^^^^^^^^^^^^^^^^
/root/.venv/lib/python3.11/site-packages/requests/sessions.py:575: in request
    prep = self.prepare_request(req)
           ^^^^^^^^^^^^^^^^^^^^^^^^^
/root/.venv/lib/python3.11/site-packages/requests/sessions.py:484: in prepare_request
    p.prepare(
/root/.venv/lib/python3.11/site-packages/requests/models.py:367: in prepare
    self.prepare_url(url, params)
/root/.venv/lib/python3.11/site-packages/requests/models.py:438: in prepare_url
    raise MissingSchema(
E   requests.exceptions.MissingSchema: Invalid URL '/api/posts': No scheme supplied. Perhaps you meant https:///api/posts?</failure></testcase><testcase classname="backend.tests.test_multiple_images.TestMultipleImagesBackend" name="test_backward_compatibility_old_posts" time="0.000"><failure message="requests.exceptions.MissingSchema: Invalid URL '/api/posts': No scheme supplied. Perhaps you meant https:///api/posts?">backend/tests/test_multiple_images.py:155: in test_backward_compatibility_old_posts
    response = requests.get(f"{BASE_URL}/api/posts")
               ^^^^^^^^^^^^^^^^^^^^^^^^^^^^^^^^^^^^^
/root/.venv/lib/python3.11/site-packages/requests/api.py:73: in get
    return request("get", url, params=params, **kwargs)
           ^^^^^^^^^^^^^^^^^^^^^^^^^^^^^^^^^^^^^^^^^^^^
/root/.venv/lib/python3.11/site-packages/requests/api.py:59: in request
    return session.request(method=method, url=url, **kwargs)
           ^^^^^^^^^^^^^^^^^^^^^^^^^^^^^^^^^^^^^^^^^^^^^^^^^
/root/.venv/lib/python3.11/site-packages/requests/sessions.py:575: in request
    prep = self.prepare_request(req)
           ^^^^^^^^^^^^^^^^^^^^^^^^^
/root/.venv/lib/python3.11/site-packages/requests/sessions.py:484: in prepare_request
    p.prepare(
/root/.venv/lib/python3.11/site-packages/requests/models.py:367: in prepare
    self.prepare_url(url, params)
/root/.venv/lib/python3.11/site-packages/requests/models.py:438: in prepare_url
    raise MissingSchema(
E   requests.exceptions.MissingSchema: Invalid URL '/api/posts': No scheme supplied. Perhaps you meant https:///api/posts?</failure></testcase><testcase classname="backend.tests.test_multiple_images.TestMultipleImagesBackend" name="test_create_post_with_null_images" time="0.000"><failure message="requests.exceptions.MissingSchema: Invalid URL '/api/posts': No scheme supplied. Perhaps you meant https:///api/posts?">backend/tests/test_multiple_images.py:185: in test_create_post_with_null_images
    response = requests.post(f"{BASE_URL}/api/posts", json=post_data)
               ^^^^^^^^^^^^^^^^^^^^^^^^^^^^^^^^^^^^^^^^^^^^^^^^^^^^^^
/root/.venv/lib/python3.11/site-packages/requests/api.py:115: in post
    return request("post", url, data=data, json=json, **kwargs)
           ^^^^^^^^^^^^^^^^^^^^^^^^^^^^^^^^^^^^^^^^^^^^^^^^^^^^
/root/.venv/lib/python3.11/site-packages/requests/api.py:59: in request
    return session.request(method=method, url=url, **kwargs)
           ^^^^^^^^^^^^^^^^^^^^^^^^^^^^^^^^^^^^^^^^^^^^^^^^^
/root/.venv/lib/python3.11/site-packages/requests/sessions.py:575: in request
    prep = self.prepare_request(req)
           ^^^^^^^^^^^^^^^^^^^^^^^^^
/root/.venv/lib/python3.11/site-packages/requests/sessions.py:484: in prepare_request
    p.prepare(
/root/.venv/lib/python3.11/site-packages/requests/models.py:367: in prepare
    self.prepare_url(url, params)
/root/.venv/lib/python3.11/site-packages/requests/models.py:438: in prepare_url
    raise MissingSchema(
E   requests.exceptions.MissingSchema: Invalid URL '/api/posts': No scheme supplied. Perhaps you meant https:///api/posts?</failure></testcase><testcase classname="backend.tests.test_multiple_images.TestMultipleImagesBackend" name="test_create_post_with_empty_images_array" time="0.000"><failure message="requests.exceptions.MissingSchema: Invalid URL '/api/posts': No scheme supplied. Perhaps you meant https:///api/posts?">backend/tests/test_multiple_images.py:208: in test_create_post_with_empty_images_array
    response = requests.post(f"{BASE_URL}/api/posts", json=post_data)
               ^^^^^^^^^^^^^^^^^^^^^^^^^^^^^^^^^^^^^^^^^^^^^^^^^^^^^^
/root/.venv/lib/python3.11/site-packages/requests/api.py:115: in post
    return request("post", url, data=data, json=json, **kwargs)
           ^^^^^^^^^^^^^^^^^^^^^^^^^^^^^^^^^^^^^^^^^^^^^^^^^^^^
/root/.venv/lib/python3.11/site-packages/requests/api.py:59: in request
    return session.request(method=method, url=url, **kwargs)
           ^^^^^^^^^^^^^^^^^^^^^^^^^^^^^^^^^^^^^^^^^^^^^^^^^
/root/.venv/lib/python3.11/site-packages/requests/sessions.py:575: in request
    prep = self.prepare_request(req)
           ^^^^^^^^^^^^^^^^^^^^^^^^^
/root/.venv/lib/python3.11/site-packages/requests/sessions.py:484: in prepare_request
    p.prepare(
/root/.venv/lib/python3.11/site-packages/requests/models.py:367: in prepare
    self.prepare_url(url, params)
/root/.venv/lib/python3.11/site-packages/requests/models.py:438: in prepare_url
    raise MissingSchema(
E   requests.exceptions.MissingSchema: Invalid URL '/api/posts': No scheme supplied. Perhaps you meant https:///api/posts?</failure></testcase><testcase classname="backend.tests.test_multiple_images.TestCleanup" name="test_cleanup_test_posts" time="0.000"><failure message="requests.exceptions.MissingSchema: Invalid URL '/api/admin/posts?pin=9090': No scheme supplied. Perhaps you meant https:///api/admin/posts?pin=9090?">backend/tests/test_multiple_images.py:225: in test_cleanup_test_posts
    response = requests.get(f"{BASE_URL}/api/admin/posts?pin=9090")
               ^^^^^^^^^^^^^^^^^^^^^^^^^^^^^^^^^^^^^^^^^^^^^^^^^^^^
/root/.venv/lib/python3.11/site-packages/requests/api.py:73: in get
    return request("get", url, params=params, **kwargs)
           ^^^^^^^^^^^^^^^^^^^^^^^^^^^^^^^^^^^^^^^^^^^^
/root/.venv/lib/python3.11/site-packages/requests/api.py:59: in request
    return session.request(method=method, url=url, **kwargs)
           ^^^^^^^^^^^^^^^^^^^^^^^^^^^^^^^^^^^^^^^^^^^^^^^^^
/root/.venv/lib/python3.11/site-packages/requests/sessions.py:575: in request
    prep = self.prepare_request(req)
           ^^^^^^^^^^^^^^^^^^^^^^^^^
/root/.venv/lib/python3.11/site-packages/requests/sessions.py:484: in prepare_request
    p.prepare(
/root/.venv/lib/python3.11/site-packages/requests/models.py:367: in prepare
    self.prepare_url(url, params)
/root/.venv/lib/python3.11/site-packages/requests/models.py:438: in prepare_url
    raise MissingSchema(
E   requests.exceptions.MissingSchema: Invalid URL '/api/admin/posts?pin=9090': No scheme supplied. Perhaps you meant https:///api/admin/posts?pin=9090?</failure></testcase><testcase classname="backend.tests.test_ucycle_api.TestHealthAndBasics" name="test_health_endpoint" time="0.000"><failure message="requests.exceptions.MissingSchema: Invalid URL '/api/health': No scheme supplied. Perhaps you meant https:///api/health?">backend/tests/test_ucycle_api.py:16: in test_health_endpoint
    response = requests.get(f"{BASE_URL}/api/health")
               ^^^^^^^^^^^^^^^^^^^^^^^^^^^^^^^^^^^^^^
/root/.venv/lib/python3.11/site-packages/requests/api.py:73: in get
    return request("get", url, params=params, **kwargs)
           ^^^^^^^^^^^^^^^^^^^^^^^^^^^^^^^^^^^^^^^^^^^^
/root/.venv/lib/python3.11/site-packages/requests/api.py:59: in request
    return session.request(method=method, url=url, **kwargs)
           ^^^^^^^^^^^^^^^^^^^^^^^^^^^^^^^^^^^^^^^^^^^^^^^^^
/root/.venv/lib/python3.11/site-packages/requests/sessions.py:575: in request
    prep = self.prepare_request(req)
           ^^^^^^^^^^^^^^^^^^^^^^^^^
/root/.venv/lib/python3.11/site-packages/requests/sessions.py:484: in prepare_request
    p.prepare(
/root/.venv/lib/python3.11/site-packages/requests/models.py:367: in prepare
    self.prepare_url(url, params)
/root/.venv/lib/python3.11/site-packages/requests/models.py:438: in prepare_url
    raise MissingSchema(
E   requests.exceptions.MissingSchema: Invalid URL '/api/health': No scheme supplied. Perhaps you meant https:///api/health?</failure></testcase><testcase classname="backend.tests.test_ucycle_api.TestHealthAndBasics" name="test_get_posts_list" time="0.000"><failure message="requests.exceptions.MissingSchema: Invalid URL '/api/posts': No scheme supplied. Perhaps you meant https:///api/posts?">backend/tests/test_ucycle_api.py:24: in test_get_posts_list
    response = requests.get(f"{BASE_URL}/api/posts")
               ^^^^^^^^^^^^^^^^^^^^^^^^^^^^^^^^^^^^^
/root/.venv/lib/python3.11/site-packages/requests/api.py:73: in get
    return request("get", url, params=params, **kwargs)
           ^^^^^^^^^^^^^^^^^^^^^^^^^^^^^^^^^^^^^^^^^^^^
/root/.venv/lib/python3.11/site-packages/requests/api.py:59: in request
    return session.request(method=method, url=url, **kwargs)
           ^^^^^^^^^^^^^^^^^^^^^^^^^^^^^^^^^^^^^^^^^^^^^^^^^
/root/.venv/lib/python3.11/site-packages/requests/sessions.py:575: in request
    prep = self.prepare_request(req)
           ^^^^^^^^^^^^^^^^^^^^^^^^^
/root/.venv/lib/python3.11/site-packages/requests/sessions.py:484: in prepare_request
    p.prepare(
/root/.venv/lib/python3.11/site-packages/requests/models.py:367: in prepare
    self.prepare_url(url, params)
/root/.venv/lib/python3.11/site-packages/requests/models.py:438: in prepare_url
    raise MissingSchema(
E   requests.exceptions.MissingSchema: Invalid URL '/api/posts': No scheme supplied. Perhaps you meant https:///api/posts?</failure></testcase><testcase classname="backend.tests.test_ucycle_api.TestPostsCRUD" name="test_get_single_post" time="0.000"><failure message="requests.exceptions.MissingSchema: Invalid URL '/api/posts': No scheme supplied. Perhaps you meant https:///api/posts?">backend/tests/test_ucycle_api.py:37: in test_get_single_post
    response = requests.get(f"{BASE_URL}/api/posts")
               ^^^^^^^^^^^^^^^^^^^^^^^^^^^^^^^^^^^^^
/root/.venv/lib/python3.11/site-packages/requests/api.py:73: in get
    return request("get", url, params=params, **kwargs)
           ^^^^^^^^^^^^^^^^^^^^^^^^^^^^^^^^^^^^^^^^^^^^
/root/.venv/lib/python3.11/site-packages/requests/api.py:59: in request
    return session.request(method=method, url=url, **kwargs)
           ^^^^^^^^^^^^^^^^^^^^^^^^^^^^^^^^^^^^^^^^^^^^^^^^^
/root/.venv/lib/python3.11/site-packages/requests/sessions.py:575: in request
    prep = self.prepare_request(req)
           ^^^^^^^^^^^^^^^^^^^^^^^^^
/root/.venv/lib/python3.11/site-packages/requests/sessions.py:484: in prepare_request
    p.prepare(
/root/.venv/lib/python3.11/site-packages/requests/models.py:367: in prepare
    self.prepare_url(url, params)
/root/.venv/lib/python3.11/site-packages/requests/models.py:438: in prepare_url
    raise MissingSchema(
E   requests.exceptions.MissingSchema: Invalid URL '/api/posts': No scheme supplied. Perhaps you meant https:///api/posts?</failure></testcase><testcase classname="backend.tests.test_ucycle_api.TestPostsCRUD" name="test_get_nonexistent_post" time="0.000"><failure message="requests.exceptions.MissingSchema: Invalid URL '/api/posts/nonexistent-id-12345': No scheme supplied. Perhaps you meant https:///api/posts/nonexistent-id-12345?">backend/tests/test_ucycle_api.py:56: in test_get_nonexistent_post
    response = requests.get(f"{BASE_URL}/api/posts/nonexistent-id-12345")
               ^^^^^^^^^^^^^^^^^^^^^^^^^^^^^^^^^^^^^^^^^^^^^^^^^^^^^^^^^^
/root/.venv/lib/python3.11/site-packages/requests/api.py:73: in get
    return request("get", url, params=params, **kwargs)
           ^^^^^^^^^^^^^^^^^^^^^^^^^^^^^^^^^^^^^^^^^^^^
/root/.venv/lib/python3.11/site-packages/requests/api.py:59: in request
    return session.request(method=method, url=url, **kwargs)
           ^^^^^^^^^^^^^^^^^^^^^^^^^^^^^^^^^^^^^^^^^^^^^^^^^
/root/.venv/lib/python3.11/site-packages/requests/sessions.py:575: in request
    prep = self.prepare_request(req)
           ^^^^^^^^^^^^^^^^^^^^^^^^^
/root/.venv/lib/python3.11/site-packages/requests/sessions.py:484: in prepare_request
    p.prepare(
/root/.venv/lib/python3.11/site-packages/requests/models.py:367: in prepare
    self.prepare_url(url, params)
/root/.venv/lib/python3.11/site-packages/requests/models.py:438: in prepare_url
    raise MissingSchema(
E   requests.exceptions.MissingSchema: Invalid URL '/api/posts/nonexistent-id-12345': No scheme supplied. Perhaps you meant https:///api/posts/nonexistent-id-12345?</failure></testcase><testcase classname="backend.tests.test_ucycle_api.TestAdminFeatures" name="test_admin_verify_valid_pin" time="0.000"><failure message="requests.exceptions.MissingSchema: Invalid URL '/api/admin/verify': No scheme supplied. Perhaps you meant https:///api/admin/verify?">backend/tests/test_ucycle_api.py:66: in test_admin_verify_valid_pin
    response = requests.post(f"{BASE_URL}/api/admin/verify", json={"pin": "9090"})
               ^^^^^^^^^^^^^^^^^^^^^^^^^^^^^^^^^^^^^^^^^^^^^^^^^^^^^^^^^^^^^^^^^^^
/root/.venv/lib/python3.11/site-packages/requests/api.py:115: in post
    return request("post", url, data=data, json=json, **kwargs)
           ^^^^^^^^^^^^^^^^^^^^^^^^^^^^^^^^^^^^^^^^^^^^^^^^^^^^
/root/.venv/lib/python3.11/site-packages/requests/api.py:59: in request
    return session.request(method=method, url=url, **kwargs)
           ^^^^^^^^^^^^^^^^^^^^^^^^^^^^^^^^^^^^^^^^^^^^^^^^^
/root/.venv/lib/python3.11/site-packages/requests/sessions.py:575: in request
    prep = self.prepare_request(req)
           ^^^^^^^^^^^^^^^^^^^^^^^^^
/root/.venv/lib/python3.11/site-packages/requests/sessions.py:484: in prepare_request
    p.prepare(
/root/.venv/lib/python3.11/site-packages/requests/models.py:367: in prepare
    self.prepare_url(url, params)
/root/.venv/lib/python3.11/site-packages/requests/models.py:438: in prepare_url
    raise MissingSchema(
E   requests.exceptions.MissingSchema: Invalid URL '/api/admin/verify': No scheme supplied. Perhaps you meant https:///api/admin/verify?</failure></testcase><testcase classname="backend.tests.test_ucycle_api.TestAdminFeatures" name="test_admin_verify_invalid_pin" time="0.000"><failure message="requests.exceptions.MissingSchema: Invalid URL '/api/admin/verify': No scheme supplied. Perhaps you meant https:///api/admin/verify?">backend/tests/test_ucycle_api.py:74: in test_admin_verify_invalid_pin
    response = requests.post(f"{BASE_URL}/api/admin/verify", json={"pin": "wrong"})
               ^^^^^^^^^^^^^^^^^^^^^^^^^^^^^^^^^^^^^^^^^^^^^^^^^^^^^^^^^^^^^^^^^^^^
/root/.venv/lib/python3.11/site-packages/requests/api.py:115: in post
    return request("post", url, data=data, json=json, **kwargs)
           ^^^^^^^^^^^^^^^^^^^^^^^^^^^^^^^^^^^^^^^^^^^^^^^^^^^^
/root/.venv/lib/python3.11/site-packages/requests/api.py:59: in request
    return session.request(method=method, url=url, **kwargs)
           ^^^^^^^^^^^^^^^^^^^^^^^^^^^^^^^^^^^^^^^^^^^^^^^^^
/root/.venv/lib/python3.11/site-packages/requests/sessions.py:575: in request
    prep = self.prepare_request(req)
           ^^^^^^^^^^^^^^^^^^^^^^^^^
/root/.venv/lib/python3.11/site-packages/requests/sessions.py:484: in prepare_request
    p.prepare(
/root/.venv/lib/python3.11/site-packages/requests/models.py:367: in prepare
    self.prepare_url(url, params)
/root/.venv/lib/python3.11/site-packages/requests/models.py:438: in prepare_url
    raise MissingSchema(
E   requests.exceptions.MissingSchema: Invalid URL '/api/admin/verify': No scheme supplied. Perhaps you meant https:///api/admin/verify?</failure></testcase><testcase classname="backend.tests.test_ucycle_api.TestAdminFeatures" name="test_admin_stats" time="0.000"><failure message="requests.exceptions.MissingSchema: Invalid URL '/api/admin/stats?pin=9090': No scheme supplied. Perhaps you meant https:///api/admin/stats?pin=9090?">backend/tests/test_ucycle_api.py:80: in test_admin_stats
    response = requests.get(f"{BASE_URL}/api/admin/stats?pin=9090")
               ^^^^^^^^^^^^^^^^^^^^^^^^^^^^^^^^^^^^^^^^^^^^^^^^^^^^
/root/.venv/lib/python3.11/site-packages/requests/api.py:73: in get
    return request("get", url, params=params, **kwargs)
           ^^^^^^^^^^^^^^^^^^^^^^^^^^^^^^^^^^^^^^^^^^^^
/root/.venv/lib/python3.11/site-packages/requests/api.py:59: in request
    return session.request(method=method, url=url, **kwargs)
           ^^^^^^^^^^^^^^^^^^^^^^^^^^^^^^^^^^^^^^^^^^^^^^^^^
/root/.venv/lib/python3.11/site-packages/requests/sessions.py:575: in request
    prep = self.prepare_request(req)
           ^^^^^^^^^^^^^^^^^^^^^^^^^
/root/.venv/lib/python3.11/site-packages/requests/sessions.py:484: in prepare_request
    p.prepare(
/root/.venv/lib/python3.11/site-packages/requests/models.py:367: in prepare
    self.prepare_url(url, params)
/root/.venv/lib/python3.11/site-packages/requests/models.py:438: in prepare_url
    raise MissingSchema(
E   requests.exceptions.MissingSchema: Invalid URL '/api/admin/stats?pin=9090': No scheme supplied. Perhaps you meant https:///api/admin/stats?pin=9090?</failure></testcase><testcase classname="backend.tests.test_ucycle_api.TestAdminFeatures" name="test_admin_posts_list" time="0.000"><failure message="requests.exceptions.MissingSchema: Invalid URL '/api/admin/posts?pin=9090': No scheme supplied. Perhaps you meant https:///api/admin/posts?pin=9090?">backend/tests/test_ucycle_api.py:91: in test_admin_posts_list
    response = requests.get(f"{BASE_URL}/api/admin/posts?pin=9090")
               ^^^^^^^^^^^^^^^^^^^^^^^^^^^^^^^^^^^^^^^^^^^^^^^^^^^^
/root/.venv/lib/python3.11/site-packages/requests/api.py:73: in get
    return request("get", url, params=params, **kwargs)
           ^^^^^^^^^^^^^^^^^^^^^^^^^^^^^^^^^^^^^^^^^^^^
/root/.venv/lib/python3.11/site-packages/requests/api.py:59: in request
    return session.request(method=method, url=url, **kwargs)
           ^^^^^^^^^^^^^^^^^^^^^^^^^^^^^^^^^^^^^^^^^^^^^^^^^
/root/.venv/lib/python3.11/site-packages/requests/sessions.py:575: in request
    prep = self.prepare_request(req)
           ^^^^^^^^^^^^^^^^^^^^^^^^^
/root/.venv/lib/python3.11/site-packages/requests/sessions.py:484: in prepare_request
    p.prepare(
/root/.venv/lib/python3.11/site-packages/requests/models.py:367: in prepare
    self.prepare_url(url, params)
/root/.venv/lib/python3.11/site-packages/requests/models.py:438: in prepare_url
    raise MissingSchema(
E   requests.exceptions.MissingSchema: Invalid URL '/api/admin/posts?pin=9090': No scheme supplied. Perhaps you meant https:///api/admin/posts?pin=9090?</failure></testcase><testcase classname="backend.tests.test_ucycle_api.TestAdminFeatures" name="test_admin_reports_list" time="0.000"><failure message="requests.exceptions.MissingSchema: Invalid URL '/api/reports': No scheme supplied. Perhaps you meant https:///api/reports?">backend/tests/test_ucycle_api.py:99: in test_admin_reports_list
    response = requests.get(f"{BASE_URL}/api/reports")
               ^^^^^^^^^^^^^^^^^^^^^^^^^^^^^^^^^^^^^^^
/root/.venv/lib/python3.11/site-packages/requests/api.py:73: in get
    return request("get", url, params=params, **kwargs)
           ^^^^^^^^^^^^^^^^^^^^^^^^^^^^^^^^^^^^^^^^^^^^
/root/.venv/lib/python3.11/site-packages/requests/api.py:59: in request
    return session.request(method=method, url=url, **kwargs)
           ^^^^^^^^^^^^^^^^^^^^^^^^^^^^^^^^^^^^^^^^^^^^^^^^^
/root/.venv/lib/python3.11/site-packages/requests/sessions.py:575: in request
    prep = self.prepare_request(req)
           ^^^^^^^^^^^^^^^^^^^^^^^^^
/root/.venv/lib/python3.11/site-packages/requests/sessions.py:484: in prepare_request
    p.prepare(
/root/.venv/lib/python3.11/site-packages/requests/models.py:367: in prepare
    self.prepare_url(url, params)
/root/.venv/lib/python3.11/site-packages/requests/models.py:438: in prepare_url
    raise MissingSchema(
E   requests.exceptions.MissingSchema: Invalid URL '/api/reports': No scheme supplied. Perhaps you meant https:///api/reports?</failure></testcase><testcase classname="backend.tests.test_ucycle_api.TestReportFeatures" name="test_create_report" time="0.001"><failure message="requests.exceptions.MissingSchema: Invalid URL '/api/posts': No scheme supplied. Perhaps you meant https:///api/posts?">backend/tests/test_ucycle_api.py:112: in test_create_report
    response = requests.get(f"{BASE_URL}/api/posts")
               ^^^^^^^^^^^^^^^^^^^^^^^^^^^^^^^^^^^^^
/root/.venv/lib/python3.11/site-packages/requests/api.py:73: in get
    return request("get", url, params=params, **kwargs)
           ^^^^^^^^^^^^^^^^^^^^^^^^^^^^^^^^^^^^^^^^^^^^
/root/.venv/lib/python3.11/site-packages/requests/api.py:59: in request
    return session.request(method=method, url=url, **kwargs)
           ^^^^^^^^^^^^^^^^^^^^^^^^^^^^^^^^^^^^^^^^^^^^^^^^^
/root/.venv/lib/python3.11/site-packages/requests/sessions.py:575: in request
    prep = self.prepare_request(req)
           ^^^^^^^^^^^^^^^^^^^^^^^^^
/root/.venv/lib/python3.11/site-packages/requests/sessions.py:484: in prepare_request
    p.prepare(
/root/.venv/lib/python3.11/site-packages/requests/models.py:367: in prepare
    self.prepare_url(url, params)
/root/.venv/lib/python3.11/site-packages/requests/models.py:438: in prepare_url
    raise MissingSchema(
E   requests.exceptions.MissingSchema: Invalid URL '/api/posts': No scheme supplied. Perhaps you meant https:///api/posts?</failure></testcase><testcase classname="backend.tests.test_ucycle_api.TestPostActions" name="test_mark_collected_nonexistent" time="0.000"><failure message="requests.exceptions.MissingSchema: Invalid URL '/api/posts/nonexistent-id/collected': No scheme supplied. Perhaps you meant https:///api/posts/nonexistent-id/collected?">backend/tests/test_ucycle_api.py:136: in test_mark_collected_nonexistent
    response = requests.patch(f"{BASE_URL}/api/posts/nonexistent-id/collected")
               ^^^^^^^^^^^^^^^^^^^^^^^^^^^^^^^^^^^^^^^^^^^^^^^^^^^^^^^^^^^^^^^^
/root/.venv/lib/python3.11/site-packages/requests/api.py:145: in patch
    return request("patch", url, data=data, **kwargs)
           ^^^^^^^^^^^^^^^^^^^^^^^^^^^^^^^^^^^^^^^^^^
/root/.venv/lib/python3.11/site-packages/requests/api.py:59: in request
    return session.request(method=method, url=url, **kwargs)
           ^^^^^^^^^^^^^^^^^^^^^^^^^^^^^^^^^^^^^^^^^^^^^^^^^
/root/.venv/lib/python3.11/site-packages/requests/sessions.py:575: in request
    prep = self.prepare_request(req)
           ^^^^^^^^^^^^^^^^^^^^^^^^^
/root/.venv/lib/python3.11/site-packages/requests/sessions.py:484: in prepare_request
    p.prepare(
/root/.venv/lib/python3.11/site-packages/requests/models.py:367: in prepare
    self.prepare_url(url, params)
/root/.venv/lib/python3.11/site-packages/requests/models.py:438: in prepare_url
    raise MissingSchema(
E   requests.exceptions.MissingSchema: Invalid URL '/api/posts/nonexistent-id/collected': No scheme supplied. Perhaps you meant https:///api/posts/nonexistent-id/collected?</failure></testcase><testcase classname="backend.tests.test_ucycle_api.TestGeocodingIntegration" name="test_nominatim_api_accessible" time="0.355" /><testcase classname="backend.tests.test_ucycle_api.TestNormansScrapYardAssets" name="test_logo_image_accessible" time="0.078" /></testsuite></testsuites>