<?xml version="1.0" encoding="utf-8"?><testsuites name="pytest tests"><testsuite name="pytest" errors="0" failures="0" skipped="0" tests="13" time="6.957" timestamp="2026-02-02T02:43:37.100961+00:00" hostname="agent-env-e5f15483-de21-422e-8903-79151da86cbf"><testcase classname="backend.tests.test_social_sharing.TestPostMetaEndpoint" name="test_post_meta_returns_html" time="0.479" /><testcase classname="backend.tests.test_social_sharing.TestPostMetaEndpoint" name="test_post_meta_contains_og_title" time="0.449" /><testcase classname="backend.tests.test_social_sharing.TestPostMetaEndpoint" name="test_post_meta_contains_og_image" time="0.776" /><testcase classname="backend.tests.test_social_sharing.TestPostMetaEndpoint" name="test_post_meta_contains_og_description" time="0.343" /><testcase classname="backend.tests.test_social_sharing.TestPostMetaEndpoint" name="test_post_meta_contains_twitter_card" time="0.772" /><testcase classname="backend.tests.test_social_sharing.TestPostMetaEndpoint" name="test_post_meta_contains_redirect" time="0.447" /><testcase classname="backend.tests.test_social_sharing.TestPostMetaEndpoint" name="test_post_meta_404_for_invalid_id" time="0.450" /><testcase classname="backend.tests.test_social_sharing.TestPostImageEndpoint" name="test_post_image_returns_jpeg" time="0.443" /><testcase classname="backend.tests.test_social_sharing.TestPostImageEndpoint" name="test_post_image_has_content" time="0.673" /><testcase classname="backend.tests.test_social_sharing.TestPostImageEndpoint" name="test_post_image_has_cache_headers" time="0.340" /><testcase classname="backend.tests.test_social_sharing.TestPostImageEndpoint" name="test_post_image_404_for_invalid_id" time="0.465" /><testcase classname="backend.tests.test_social_sharing.TestOGMetaIntegration" name="test_og_image_url_is_accessible" time="0.795" /><testcase classname="backend.tests.test_social_sharing.TestOGMetaIntegration" name="test_og_url_points_to_correct_post" time="0.474" /></testsuite></testsuites>