<?xml version="1.0" encoding="utf-8"?><testsuites name="pytest tests"><testsuite name="pytest" errors="0" failures="0" skipped="0" tests="22" time="29.422" timestamp="2026-01-29T01:47:40.300301+00:00" hostname="agent-env-cff66b13-f513-44cf-93cf-d238fb0e1dc9"><testcase classname="backend.tests.test_multiple_images.TestMultipleImagesBackend" name="test_create_post_with_single_image" time="0.809" /><testcase classname="backend.tests.test_multiple_images.TestMultipleImagesBackend" name="test_create_post_with_multiple_images" time="0.783" /><testcase classname="backend.tests.test_multiple_images.TestMultipleImagesBackend" name="test_create_post_with_max_images" time="0.455" /><testcase classname="backend.tests.test_multiple_images.TestMultipleImagesBackend" name="test_get_posts_returns_images_array" time="1.414" /><testcase classname="backend.tests.test_multiple_images.TestMultipleImagesBackend" name="test_get_single_post_returns_images_array" time="2.824" /><testcase classname="backend.tests.test_multiple_images.TestMultipleImagesBackend" name="test_backward_compatibility_old_posts" time="1.659" /><testcase classname="backend.tests.test_multiple_images.TestMultipleImagesBackend" name="test_create_post_with_null_images" time="0.453" /><testcase classname="backend.tests.test_multiple_images.TestMultipleImagesBackend" name="test_create_post_with_empty_images_array" time="0.449" /><testcase classname="backend.tests.test_multiple_images.TestCleanup" name="test_cleanup_test_posts" time="8.703" /><testcase classname="backend.tests.test_ucycle_api.TestHealthAndBasics" name="test_health_endpoint" time="0.451" /><testcase classname="backend.tests.test_ucycle_api.TestHealthAndBasics" name="test_get_posts_list" time="1.675" /><testcase classname="backend.tests.test_ucycle_api.TestPostsCRUD" name="test_get_single_post" time="2.670" /><testcase classname="backend.tests.test_ucycle_api.TestPostsCRUD" name="test_get_nonexistent_post" time="0.366" /><testcase classname="backend.tests.test_ucycle_api.TestAdminFeatures" name="test_admin_verify_valid_pin" time="0.447" /><testcase classname="backend.tests.test_ucycle_api.TestAdminFeatures" name="test_admin_verify_invalid_pin" time="0.452" /><testcase classname="backend.tests.test_ucycle_api.TestAdminFeatures" name="test_admin_stats" time="0.494" /><testcase classname="backend.tests.test_ucycle_api.TestAdminFeatures" name="test_admin_posts_list" time="1.713" /><testcase classname="backend.tests.test_ucycle_api.TestAdminFeatures" name="test_admin_reports_list" time="0.462" /><testcase classname="backend.tests.test_ucycle_api.TestReportFeatures" name="test_create_report" time="2.176" /><testcase classname="backend.tests.test_ucycle_api.TestPostActions" name="test_mark_collected_nonexistent" time="0.447" /><testcase classname="backend.tests.test_ucycle_api.TestGeocodingIntegration" name="test_nominatim_api_accessible" time="0.383" /><testcase classname="backend.tests.test_ucycle_api.TestNormansScrapYardAssets" name="test_logo_image_accessible" time="0.075" /></testsuite></testsuites>