<?xml version="1.0" encoding="utf-8"?><testsuites name="pytest tests"><testsuite name="pytest" errors="0" failures="0" skipped="0" tests="13" time="11.267" timestamp="2026-01-29T00:08:38.703128+00:00" hostname="agent-env-cff66b13-f513-44cf-93cf-d238fb0e1dc9"><testcase classname="backend.tests.test_ucycle_api.TestHealthAndBasics" name="test_health_endpoint" time="0.490" /><testcase classname="backend.tests.test_ucycle_api.TestHealthAndBasics" name="test_get_posts_list" time="1.178" /><testcase classname="backend.tests.test_ucycle_api.TestPostsCRUD" name="test_get_single_post" time="2.909" /><testcase classname="backend.tests.test_ucycle_api.TestPostsCRUD" name="test_get_nonexistent_post" time="0.456" /><testcase classname="backend.tests.test_ucycle_api.TestAdminFeatures" name="test_admin_verify_valid_pin" time="0.806" /><testcase classname="backend.tests.test_ucycle_api.TestAdminFeatures" name="test_admin_verify_invalid_pin" time="0.447" /><testcase classname="backend.tests.test_ucycle_api.TestAdminFeatures" name="test_admin_stats" time="0.669" /><testcase classname="backend.tests.test_ucycle_api.TestAdminFeatures" name="test_admin_posts_list" time="1.618" /><testcase classname="backend.tests.test_ucycle_api.TestAdminFeatures" name="test_admin_reports_list" time="0.446" /><testcase classname="backend.tests.test_ucycle_api.TestReportFeatures" name="test_create_report" time="1.323" /><testcase classname="backend.tests.test_ucycle_api.TestPostActions" name="test_mark_collected_nonexistent" time="0.484" /><testcase classname="backend.tests.test_ucycle_api.TestGeocodingIntegration" name="test_nominatim_api_accessible" time="0.287" /><testcase classname="backend.tests.test_ucycle_api.TestNormansScrapYardAssets" name="test_logo_image_accessible" time="0.088" /></testsuite></testsuites>