<?xml version="1.0" encoding="utf-8"?><testsuites name="pytest tests"><testsuite name="pytest" errors="0" failures="1" skipped="0" tests="13" time="11.427" timestamp="2026-01-29T00:08:01.454610+00:00" hostname="agent-env-cff66b13-f513-44cf-93cf-d238fb0e1dc9"><testcase classname="backend.tests.test_ucycle_api.TestHealthAndBasics" name="test_health_endpoint" time="0.814" /><testcase classname="backend.tests.test_ucycle_api.TestHealthAndBasics" name="test_get_posts_list" time="1.525" /><testcase classname="backend.tests.test_ucycle_api.TestPostsCRUD" name="test_get_single_post" time="2.340" /><testcase classname="backend.tests.test_ucycle_api.TestPostsCRUD" name="test_get_nonexistent_post" time="0.450" /><testcase classname="backend.tests.test_ucycle_api.TestAdminFeatures" name="test_admin_verify_valid_pin" time="0.472" /><testcase classname="backend.tests.test_ucycle_api.TestAdminFeatures" name="test_admin_verify_invalid_pin" time="0.448" /><testcase classname="backend.tests.test_ucycle_api.TestAdminFeatures" name="test_admin_stats" time="0.456" /><testcase classname="backend.tests.test_ucycle_api.TestAdminFeatures" name="test_admin_posts_list" time="1.638" /><testcase classname="backend.tests.test_ucycle_api.TestAdminFeatures" name="test_admin_reports_list" time="0.661"><failure message="assert 404 == 200&#10; +  where 404 = &lt;Response [404]&gt;.status_code">backend/tests/test_ucycle_api.py:100: in test_admin_reports_list
    assert response.status_code == 200
E   assert 404 == 200
E    +  where 404 = &lt;Response [404]&gt;.status_code</failure></testcase><testcase classname="backend.tests.test_ucycle_api.TestReportFeatures" name="test_create_report" time="1.674" /><testcase classname="backend.tests.test_ucycle_api.TestPostActions" name="test_mark_collected_nonexistent" time="0.478" /><testcase classname="backend.tests.test_ucycle_api.TestGeocodingIntegration" name="test_nominatim_api_accessible" time="0.296" /><testcase classname="backend.tests.test_ucycle_api.TestNormansScrapYardAssets" name="test_logo_image_accessible" time="0.097" /></testsuite></testsuites>