<?xml version="1.0" encoding="utf-8"?><testsuites name="pytest tests"><testsuite name="pytest" errors="0" failures="0" skipped="0" tests="34" time="31.547" timestamp="2026-01-29T05:26:35.076187+00:00" hostname="agent-env-cff66b13-f513-44cf-93cf-d238fb0e1dc9"><testcase classname="backend.tests.test_distance_indicator.TestHaversineDistanceCalculation" name="test_same_location_returns_zero" time="0.000" /><testcase classname="backend.tests.test_distance_indicator.TestHaversineDistanceCalculation" name="test_london_to_paris_distance" time="0.000" /><testcase classname="backend.tests.test_distance_indicator.TestHaversineDistanceCalculation" name="test_short_distance_meters" time="0.000" /><testcase classname="backend.tests.test_distance_indicator.TestHaversineDistanceCalculation" name="test_sydney_to_london_distance" time="0.000" /><testcase classname="backend.tests.test_distance_indicator.TestHaversineDistanceCalculation" name="test_equator_distance" time="0.000" /><testcase classname="backend.tests.test_distance_indicator.TestDistanceFormatting" name="test_format_meters_under_1km" time="0.000" /><testcase classname="backend.tests.test_distance_indicator.TestDistanceFormatting" name="test_format_kilometers_over_1km" time="0.000" /><testcase classname="backend.tests.test_distance_indicator.TestDistanceFormatting" name="test_format_boundary_case" time="0.000" /><testcase classname="backend.tests.test_distance_indicator.TestDistanceFormatting" name="test_format_rounding" time="0.000" /><testcase classname="backend.tests.test_distance_indicator.TestDistanceIndicatorIntegration" name="test_post_with_coordinates" time="0.000" /><testcase classname="backend.tests.test_distance_indicator.TestDistanceIndicatorIntegration" name="test_null_user_location_handling" time="0.000" /><testcase classname="backend.tests.test_distance_indicator.TestDistanceIndicatorIntegration" name="test_null_post_coordinates_handling" time="0.000" /><testcase classname="backend.tests.test_multiple_images.TestMultipleImagesBackend" name="test_create_post_with_single_image" time="0.476" /><testcase classname="backend.tests.test_multiple_images.TestMultipleImagesBackend" name="test_create_post_with_multiple_images" time="0.764" /><testcase classname="backend.tests.test_multiple_images.TestMultipleImagesBackend" name="test_create_post_with_max_images" time="0.341" /><testcase classname="backend.tests.test_multiple_images.TestMultipleImagesBackend" name="test_get_posts_returns_images_array" time="1.294" /><testcase classname="backend.tests.test_multiple_images.TestMultipleImagesBackend" name="test_get_single_post_returns_images_array" time="2.714" /><testcase classname="backend.tests.test_multiple_images.TestMultipleImagesBackend" name="test_backward_compatibility_old_posts" time="1.513" /><testcase classname="backend.tests.test_multiple_images.TestMultipleImagesBackend" name="test_create_post_with_null_images" time="0.782" /><testcase classname="backend.tests.test_multiple_images.TestMultipleImagesBackend" name="test_create_post_with_empty_images_array" time="0.450" /><testcase classname="backend.tests.test_multiple_images.TestCleanup" name="test_cleanup_test_posts" time="10.794" /><testcase classname="backend.tests.test_ucycle_api.TestHealthAndBasics" name="test_health_endpoint" time="0.449" /><testcase classname="backend.tests.test_ucycle_api.TestHealthAndBasics" name="test_get_posts_list" time="1.477" /><testcase classname="backend.tests.test_ucycle_api.TestPostsCRUD" name="test_get_single_post" time="3.265" /><testcase classname="backend.tests.test_ucycle_api.TestPostsCRUD" name="test_get_nonexistent_post" time="0.775" /><testcase classname="backend.tests.test_ucycle_api.TestAdminFeatures" name="test_admin_verify_valid_pin" time="0.446" /><testcase classname="backend.tests.test_ucycle_api.TestAdminFeatures" name="test_admin_verify_invalid_pin" time="0.445" /><testcase classname="backend.tests.test_ucycle_api.TestAdminFeatures" name="test_admin_stats" time="0.348" /><testcase classname="backend.tests.test_ucycle_api.TestAdminFeatures" name="test_admin_posts_list" time="1.693" /><testcase classname="backend.tests.test_ucycle_api.TestAdminFeatures" name="test_admin_reports_list" time="0.452" /><testcase classname="backend.tests.test_ucycle_api.TestReportFeatures" name="test_create_report" time="2.170" /><testcase classname="backend.tests.test_ucycle_api.TestPostActions" name="test_mark_collected_nonexistent" time="0.453" /><testcase classname="backend.tests.test_ucycle_api.TestGeocodingIntegration" name="test_nominatim_api_accessible" time="0.299" /><testcase classname="backend.tests.test_ucycle_api.TestNormansScrapYardAssets" name="test_logo_image_accessible" time="0.074" /></testsuite></testsuites>